<?xml version="1.0" encoding="UTF-8"?>
<testng-results skipped="0" failed="0" ignored="0" total="2" passed="2">
  <reporter-output>
  </reporter-output>
  <suite name="Default suite" duration-ms="209421" started-at="2019-05-10T16:30:40Z" finished-at="2019-05-10T16:34:09Z">
    <groups>
    </groups>
    <test name="Default test" duration-ms="209421" started-at="2019-05-10T16:30:40Z" finished-at="2019-05-10T16:34:09Z">
      <class name="testcases.LoginPageTest">
        <test-method status="PASS" signature="setUp()[pri:0, instance:testcases.LoginPageTest@50a638b5]" name="setUp" is-config="true" duration-ms="8843" started-at="2019-05-10T12:30:40Z" finished-at="2019-05-10T12:30:49Z">
          <reporter-output>
          </reporter-output>
        </test-method> <!-- setUp -->
        <test-method status="PASS" signature="testLogin()[pri:0, instance:testcases.LoginPageTest@50a638b5]" name="testLogin" duration-ms="139461" started-at="2019-05-10T12:30:49Z" finished-at="2019-05-10T12:33:08Z">
          <reporter-output>
          </reporter-output>
        </test-method> <!-- testLogin -->
        <test-method status="PASS" signature="tearDown()[pri:0, instance:testcases.LoginPageTest@50a638b5]" name="tearDown" is-config="true" duration-ms="2143" started-at="2019-05-10T12:33:08Z" finished-at="2019-05-10T12:33:10Z">
          <reporter-output>
          </reporter-output>
        </test-method> <!-- tearDown -->
        <test-method status="PASS" signature="setUp()[pri:0, instance:testcases.LoginPageTest@50a638b5]" name="setUp" is-config="true" duration-ms="7286" started-at="2019-05-10T12:33:10Z" finished-at="2019-05-10T12:33:18Z">
          <reporter-output>
          </reporter-output>
        </test-method> <!-- setUp -->
        <test-method status="PASS" signature="testLoginWithInvalidUser()[pri:0, instance:testcases.LoginPageTest@50a638b5]" name="testLoginWithInvalidUser" duration-ms="49526" started-at="2019-05-10T12:33:18Z" finished-at="2019-05-10T12:34:07Z">
          <reporter-output>
          </reporter-output>
        </test-method> <!-- testLoginWithInvalidUser -->
        <test-method status="PASS" signature="tearDown()[pri:0, instance:testcases.LoginPageTest@50a638b5]" name="tearDown" is-config="true" duration-ms="2092" started-at="2019-05-10T12:34:07Z" finished-at="2019-05-10T12:34:09Z">
          <reporter-output>
          </reporter-output>
        </test-method> <!-- tearDown -->
      </class> <!-- testcases.LoginPageTest -->
    </test> <!-- Default test -->
  </suite> <!-- Default suite -->
</testng-results>
