<?xml version="1.0" encoding="UTF-8"?>
<testng-results ignored="0" total="2" passed="2" failed="0" skipped="0">
  <reporter-output>
  </reporter-output>
  <suite started-at="2019-06-24T14:29:38Z" name="Default suite" finished-at="2019-06-24T14:29:56Z" duration-ms="18175">
    <groups>
      <group name="regression">
        <method signature="AlertPageTest.testClickForJSAlert()[pri:0, instance:testcases.AlertPageTest@7fc229ab]" name="testClickForJSAlert" class="testcases.AlertPageTest"/>
        <method signature="AlertPageTest.testClickForJSConfirm()[pri:0, instance:testcases.AlertPageTest@7fc229ab]" name="testClickForJSConfirm" class="testcases.AlertPageTest"/>
      </group> <!-- regression -->
      <group name="smoke">
        <method signature="AlertPageTest.testClickForJSAlert()[pri:0, instance:testcases.AlertPageTest@7fc229ab]" name="testClickForJSAlert" class="testcases.AlertPageTest"/>
      </group> <!-- smoke -->
    </groups>
    <test started-at="2019-06-24T14:29:38Z" name="Default test" finished-at="2019-06-24T14:29:56Z" duration-ms="18175">
      <class name="testcases.AlertPageTest">
        <test-method is-config="true" signature="setUp()[pri:0, instance:testcases.AlertPageTest@7fc229ab]" started-at="2019-06-24T10:29:38Z" name="setUp" finished-at="2019-06-24T10:29:48Z" duration-ms="9169" status="PASS">
          <reporter-output>
          </reporter-output>
        </test-method> <!-- setUp -->
        <test-method signature="testClickForJSAlert()[pri:0, instance:testcases.AlertPageTest@7fc229ab]" started-at="2019-06-24T10:29:48Z" name="testClickForJSAlert" finished-at="2019-06-24T10:29:49Z" duration-ms="1019" status="PASS">
          <reporter-output>
          </reporter-output>
        </test-method> <!-- testClickForJSAlert -->
        <test-method is-config="true" signature="tearDown()[pri:0, instance:testcases.AlertPageTest@7fc229ab]" started-at="2019-06-24T10:29:49Z" name="tearDown" finished-at="2019-06-24T10:29:50Z" duration-ms="1214" status="PASS">
          <reporter-output>
          </reporter-output>
        </test-method> <!-- tearDown -->
        <test-method is-config="true" signature="setUp()[pri:0, instance:testcases.AlertPageTest@7fc229ab]" started-at="2019-06-24T10:29:50Z" name="setUp" finished-at="2019-06-24T10:29:55Z" duration-ms="4830" status="PASS">
          <reporter-output>
          </reporter-output>
        </test-method> <!-- setUp -->
        <test-method signature="testClickForJSConfirm()[pri:0, instance:testcases.AlertPageTest@7fc229ab]" started-at="2019-06-24T10:29:55Z" name="testClickForJSConfirm" finished-at="2019-06-24T10:29:55Z" duration-ms="779" status="PASS">
          <reporter-output>
          </reporter-output>
        </test-method> <!-- testClickForJSConfirm -->
        <test-method is-config="true" signature="tearDown()[pri:0, instance:testcases.AlertPageTest@7fc229ab]" started-at="2019-06-24T10:29:55Z" name="tearDown" finished-at="2019-06-24T10:29:56Z" duration-ms="894" status="PASS">
          <reporter-output>
          </reporter-output>
        </test-method> <!-- tearDown -->
      </class> <!-- testcases.AlertPageTest -->
    </test> <!-- Default test -->
  </suite> <!-- Default suite -->
</testng-results>
